<?xml version="1.0" encoding="UTF-8"?>
<testsuite name="engine.strategies.JavascriptStrategyTest" tests="1" skipped="0" failures="0" errors="0" timestamp="2020-12-30T02:08:49" hostname="madzia-iv" time="0.29">
  <properties/>
  <testcase name="getActions" classname="engine.strategies.JavascriptStrategyTest" time="0.29"/>
  <system-out><![CDATA[ok
]]></system-out>
  <system-err><![CDATA[]]></system-err>
</testsuite>
